This is pdfTeX, Version 3.141592653-2.6-1.40.23 (MiKTeX 21.10) (preloaded format=pdflatex 2021.11.11)  3 DEC 2021 22:18
entering extended mode
**./AlmostDoneLatexUPDATED2-0.tex
(AlmostDoneLatexUPDATED2-0.tex
LaTeX2e <2021-06-01> patch level 1
L3 programming layer <2021-10-18>
(C:\Users\22wag\AppData\Local\Programs\MiKTeX\tex/latex/base\article.cls
Document Class: article 2021/02/12 v1.4n Standard LaTeX document class
(C:\Users\22wag\AppData\Local\Programs\MiKTeX\tex/latex/base\size12.clo
File: size12.clo 2021/02/12 v1.4n Standard LaTeX file (size option)
)
\c@part=\count182
\c@section=\count183
\c@subsection=\count184
\c@subsubsection=\count185
\c@paragraph=\count186
\c@subparagraph=\count187
\c@figure=\count188
\c@table=\count189
\abovecaptionskip=\skip47
\belowcaptionskip=\skip48
\bibindent=\dimen138
)
(C:\Users\22wag\AppData\Local\Programs\MiKTeX\tex/latex/amsmath\amsmath.sty
Package: amsmath 2021/04/20 v2.17j AMS math features
\@mathmargin=\skip49

For additional information on amsmath, use the `?' option.
(C:\Users\22wag\AppData\Local\Programs\MiKTeX\tex/latex/amsmath\amstext.sty
Package: amstext 2000/06/29 v2.01 AMS text

(C:\Users\22wag\AppData\Local\Programs\MiKTeX\tex/latex/amsmath\amsgen.sty
File: amsgen.sty 1999/11/30 v2.0 generic functions
\@emptytoks=\toks16
\ex@=\dimen139
))
(C:\Users\22wag\AppData\Local\Programs\MiKTeX\tex/latex/amsmath\amsbsy.sty
Package: amsbsy 1999/11/29 v1.2d Bold Symbols
\pmbraise@=\dimen140
)
(C:\Users\22wag\AppData\Local\Programs\MiKTeX\tex/latex/amsmath\amsopn.sty
Package: amsopn 2016/03/08 v2.02 operator names
)
\inf@bad=\count190
LaTeX Info: Redefining \frac on input line 234.
\uproot@=\count191
\leftroot@=\count192
LaTeX Info: Redefining \overline on input line 399.
\classnum@=\count193
\DOTSCASE@=\count194
LaTeX Info: Redefining \ldots on input line 496.
LaTeX Info: Redefining \dots on input line 499.
LaTeX Info: Redefining \cdots on input line 620.
\Mathstrutbox@=\box50
\strutbox@=\box51
\big@size=\dimen141
LaTeX Font Info:    Redeclaring font encoding OML on input line 743.
LaTeX Font Info:    Redeclaring font encoding OMS on input line 744.
\macc@depth=\count195
\c@MaxMatrixCols=\count196
\dotsspace@=\muskip16
\c@parentequation=\count197
\dspbrk@lvl=\count198
\tag@help=\toks17
\row@=\count199
\column@=\count266
\maxfields@=\count267
\andhelp@=\toks18
\eqnshift@=\dimen142
\alignsep@=\dimen143
\tagshift@=\dimen144
\tagwidth@=\dimen145
\totwidth@=\dimen146
\lineht@=\dimen147
\@envbody=\toks19
\multlinegap=\skip50
\multlinetaggap=\skip51
\mathdisplay@stack=\toks20
LaTeX Info: Redefining \[ on input line 2923.
LaTeX Info: Redefining \] on input line 2924.
)
(C:\Users\22wag\AppData\Local\Programs\MiKTeX\tex/latex/xcolor\xcolor.sty
Package: xcolor 2021/10/31 v2.13 LaTeX color extensions (UK)

(C:\Users\22wag\AppData\Local\Programs\MiKTeX\tex/latex/graphics-cfg\color.cfg
File: color.cfg 2016/01/02 v1.6 sample color configuration
)
Package xcolor Info: Driver file: pdftex.def on input line 227.

(C:\Users\22wag\AppData\Local\Programs\MiKTeX\tex/latex/graphics-def\pdftex.def
File: pdftex.def 2020/10/05 v1.2a Graphics/color driver for pdftex
) (C:\Users\22wag\AppData\Local\Programs\MiKTeX\tex/latex/colortbl\colortbl.sty
Package: colortbl 2020/01/04 v1.0e Color table columns (DPC)
(C:\Users\22wag\AppData\Local\Programs\MiKTeX\tex/latex/tools\array.sty
Package: array 2021/04/20 v2.5e Tabular extension package (FMi)
\col@sep=\dimen148
\ar@mcellbox=\box52
\extrarowheight=\dimen149
\NC@list=\toks21
\extratabsurround=\skip52
\backup@length=\skip53
\ar@cellbox=\box53
)
\everycr=\toks22
\minrowclearance=\skip54
)
\rownum=\count268
Package xcolor Info: Model `cmy' substituted by `cmy0' on input line 1352.
Package xcolor Info: Model `hsb' substituted by `rgb' on input line 1356.
Package xcolor Info: Model `RGB' extended on input line 1368.
Package xcolor Info: Model `HTML' substituted by `rgb' on input line 1370.
Package xcolor Info: Model `Hsb' substituted by `hsb' on input line 1371.
Package xcolor Info: Model `tHsb' substituted by `hsb' on input line 1372.
Package xcolor Info: Model `HSB' substituted by `hsb' on input line 1373.
Package xcolor Info: Model `Gray' substituted by `gray' on input line 1374.
Package xcolor Info: Model `wave' substituted by `hsb' on input line 1375.
)
(C:\Users\22wag\AppData\Local\Programs\MiKTeX\tex/latex/graphics\graphicx.sty
Package: graphicx 2020/12/05 v1.2c Enhanced LaTeX Graphics (DPC,SPQR)

(C:\Users\22wag\AppData\Local\Programs\MiKTeX\tex/latex/graphics\keyval.sty
Package: keyval 2014/10/28 v1.15 key=value parser (DPC)
\KV@toks@=\toks23
)
(C:\Users\22wag\AppData\Local\Programs\MiKTeX\tex/latex/graphics\graphics.sty
Package: graphics 2021/03/04 v1.4d Standard LaTeX Graphics (DPC,SPQR)

(C:\Users\22wag\AppData\Local\Programs\MiKTeX\tex/latex/graphics\trig.sty
Package: trig 2016/01/03 v1.10 sin cos tan (DPC)
)
(C:\Users\22wag\AppData\Local\Programs\MiKTeX\tex/latex/graphics-cfg\graphics.c
fg
File: graphics.cfg 2016/06/04 v1.11 sample graphics configuration
)
Package graphics Info: Driver file: pdftex.def on input line 107.
)
\Gin@req@height=\dimen150
\Gin@req@width=\dimen151
)
(C:\Users\22wag\AppData\Local\Programs\MiKTeX\tex/latex/listings\listings.sty
\lst@mode=\count269
\lst@gtempboxa=\box54
\lst@token=\toks24
\lst@length=\count270
\lst@currlwidth=\dimen152
\lst@column=\count271
\lst@pos=\count272
\lst@lostspace=\dimen153
\lst@width=\dimen154
\lst@newlines=\count273
\lst@lineno=\count274
\lst@maxwidth=\dimen155

(C:\Users\22wag\AppData\Local\Programs\MiKTeX\tex/latex/listings\lstmisc.sty
File: lstmisc.sty 2020/03/24 1.8d (Carsten Heinz)
\c@lstnumber=\count275
\lst@skipnumbers=\count276
\lst@framebox=\box55
)
(C:\Users\22wag\AppData\Local\Programs\MiKTeX\tex/latex/listings\listings.cfg
File: listings.cfg 2020/03/24 1.8d listings configuration
))
Package: listings 2020/03/24 1.8d (Carsten Heinz)
(C:\Users\22wag\AppData\Local\Programs\MiKTeX\tex/latex/float\float.sty
Package: float 2001/11/08 v1.3d Float enhancements (AL)
\c@float@type=\count277
\float@exts=\toks25
\float@box=\box56
\@float@everytoks=\toks26
\@floatcapt=\box57
)
(C:\Users\22wag\AppData\Local\Programs\MiKTeX\tex/latex/l3backend\l3backend-pdf
tex.def
File: l3backend-pdftex.def 2021-10-18 L3 backend support: PDF output (pdfTeX)
\l__color_backend_stack_int=\count278
\l__pdf_internal_box=\box58
) (AlmostDoneLatexUPDATED2-0.aux

LaTeX Warning: Label `fig:mesh1' multiply defined.


LaTeX Warning: Label `fig:mesh1' multiply defined.


LaTeX Warning: Label `fig:mesh1' multiply defined.


LaTeX Warning: Label `fig:mesh1' multiply defined.


LaTeX Warning: Label `fig:mesh1' multiply defined.


LaTeX Warning: Label `fig:mesh1' multiply defined.


LaTeX Warning: Label `fig:mesh1' multiply defined.


LaTeX Warning: Label `fig:mesh1' multiply defined.


LaTeX Warning: Label `fig:mesh1' multiply defined.


LaTeX Warning: Label `fig:mesh1' multiply defined.


LaTeX Warning: Label `fig:mesh1' multiply defined.


LaTeX Warning: Label `fig:mesh1' multiply defined.


LaTeX Warning: Label `fig:mesh1' multiply defined.


LaTeX Warning: Label `fig:mesh1' multiply defined.


LaTeX Warning: Label `fig:mesh1' multiply defined.


LaTeX Warning: Label `fig:mesh1' multiply defined.


LaTeX Warning: Label `fig:mesh1' multiply defined.


LaTeX Warning: Label `fig:mesh1' multiply defined.


LaTeX Warning: Label `fig:mesh1' multiply defined.


LaTeX Warning: Label `fig:mesh1' multiply defined.


LaTeX Warning: Label `fig:mesh1' multiply defined.

)
\openout1 = `AlmostDoneLatexUPDATED2-0.aux'.

LaTeX Font Info:    Checking defaults for OML/cmm/m/it on input line 9.
LaTeX Font Info:    ... okay on input line 9.
LaTeX Font Info:    Checking defaults for OMS/cmsy/m/n on input line 9.
LaTeX Font Info:    ... okay on input line 9.
LaTeX Font Info:    Checking defaults for OT1/cmr/m/n on input line 9.
LaTeX Font Info:    ... okay on input line 9.
LaTeX Font Info:    Checking defaults for T1/cmr/m/n on input line 9.
LaTeX Font Info:    ... okay on input line 9.
LaTeX Font Info:    Checking defaults for TS1/cmr/m/n on input line 9.
LaTeX Font Info:    ... okay on input line 9.
LaTeX Font Info:    Checking defaults for OMX/cmex/m/n on input line 9.
LaTeX Font Info:    ... okay on input line 9.
LaTeX Font Info:    Checking defaults for U/cmr/m/n on input line 9.
LaTeX Font Info:    ... okay on input line 9.

(C:\Users\22wag\AppData\Local\Programs\MiKTeX\tex/context/base/mkii\supp-pdf.mk
ii
[Loading MPS to PDF converter (version 2006.09.02).]
\scratchcounter=\count279
\scratchdimen=\dimen156
\scratchbox=\box59
\nofMPsegments=\count280
\nofMParguments=\count281
\everyMPshowfont=\toks27
\MPscratchCnt=\count282
\MPscratchDim=\dimen157
\MPnumerator=\count283
\makeMPintoPDFobject=\count284
\everyMPtoPDFconversion=\toks28
)
(C:\Users\22wag\AppData\Local\Programs\MiKTeX\tex/latex/epstopdf-pkg\epstopdf-b
ase.sty
Package: epstopdf-base 2020-01-24 v2.11 Base part for package epstopdf
Package epstopdf-base Info: Redefining graphics rule for `.eps' on input line 4
85.

(C:\Users\22wag\AppData\Local\Programs\MiKTeX\tex/latex/00miktex\epstopdf-sys.c
fg
File: epstopdf-sys.cfg 2021/03/18 v2.0 Configuration of epstopdf for MiKTeX
))
\c@lstlisting=\count285


LaTeX Warning: No \author given.

(AlmostDoneLatexUPDATED2-0.toc [1

{C:/Users/22wag/AppData/Local/MiKTeX/pdftex/config/pdftex.map}])
\tf@toc=\write3
\openout3 = `AlmostDoneLatexUPDATED2-0.toc'.


No file AlmostDoneLatexUPDATED2-0.lof.
\tf@lof=\write4
\openout4 = `AlmostDoneLatexUPDATED2-0.lof'.


Underfull \hbox (badness 10000) in paragraph at lines 18--19

 []


Underfull \hbox (badness 10000) in paragraph at lines 18--19

 []


Underfull \hbox (badness 10000) in paragraph at lines 18--19

 []


Underfull \hbox (badness 10000) in paragraph at lines 18--19

 []


Underfull \hbox (badness 10000) in paragraph at lines 18--19

 []


Underfull \hbox (badness 10000) in paragraph at lines 18--19

 []


Underfull \hbox (badness 10000) in paragraph at lines 18--19

 []


Underfull \hbox (badness 10000) in paragraph at lines 18--19

 []


Underfull \hbox (badness 10000) in paragraph at lines 18--19

 []


Underfull \hbox (badness 10000) in paragraph at lines 18--19

 []


Underfull \hbox (badness 10000) in paragraph at lines 18--19

 []


Underfull \hbox (badness 10000) in paragraph at lines 18--19

 []


Underfull \hbox (badness 10000) in paragraph at lines 18--19

 []


Underfull \hbox (badness 10000) in paragraph at lines 18--19

 []


Underfull \hbox (badness 10000) in paragraph at lines 18--19

 []


Underfull \hbox (badness 10000) in paragraph at lines 18--19

 []


Underfull \hbox (badness 10000) in paragraph at lines 18--19

 []


Underfull \hbox (badness 10000) in paragraph at lines 18--19

 []


Underfull \hbox (badness 10000) in paragraph at lines 18--19

 []


Underfull \hbox (badness 10000) in paragraph at lines 18--19

 []


Underfull \hbox (badness 10000) in paragraph at lines 18--19

 []


Underfull \hbox (badness 10000) in paragraph at lines 18--19

 []


Underfull \hbox (badness 10000) in paragraph at lines 18--19

 []


Underfull \hbox (badness 10000) in paragraph at lines 18--19

 []


Underfull \hbox (badness 10000) in paragraph at lines 18--19

 []


Underfull \hbox (badness 10000) in paragraph at lines 18--19

 []


Underfull \hbox (badness 10000) in paragraph at lines 18--19

 []

[2]
Underfull \hbox (badness 10000) in paragraph at lines 22--23

 []


Underfull \hbox (badness 10000) in paragraph at lines 24--27

 []


Underfull \hbox (badness 10000) in paragraph at lines 28--29

 []


Underfull \hbox (badness 10000) in paragraph at lines 30--31

 []

[3]
Underfull \hbox (badness 10000) in paragraph at lines 32--35

 []


Underfull \hbox (badness 10000) in paragraph at lines 36--40

 []


Underfull \hbox (badness 10000) in paragraph at lines 36--40

 []


Underfull \hbox (badness 10000) in paragraph at lines 36--40

 []


Underfull \hbox (badness 10000) in paragraph at lines 36--40

 []


Underfull \hbox (badness 10000) in paragraph at lines 41--42

 []


Underfull \hbox (badness 10000) in paragraph at lines 43--46

 []


Underfull \hbox (badness 10000) in paragraph at lines 47--48

 []


Underfull \hbox (badness 10000) in paragraph at lines 49--50

 []


Underfull \hbox (badness 10000) in paragraph at lines 51--54

 []


Underfull \hbox (badness 10000) in paragraph at lines 55--65

 []


Underfull \hbox (badness 10000) in paragraph at lines 55--65

 []


Underfull \hbox (badness 10000) in paragraph at lines 55--65

 []


Underfull \hbox (badness 10000) in paragraph at lines 55--65

 []


Underfull \hbox (badness 10000) in paragraph at lines 55--65

 []


Underfull \hbox (badness 10000) in paragraph at lines 55--65

 []


Underfull \hbox (badness 10000) in paragraph at lines 55--65

 []


Underfull \hbox (badness 10000) in paragraph at lines 55--65

 []


Underfull \hbox (badness 10000) in paragraph at lines 55--65

 []

[4]
Underfull \hbox (badness 10000) in paragraph at lines 66--73

 []


Underfull \hbox (badness 10000) in paragraph at lines 74--77

 []


Underfull \hbox (badness 10000) in paragraph at lines 78--85

 []

[5]
Underfull \hbox (badness 10000) in paragraph at lines 86--88

 []


Underfull \hbox (badness 10000) in paragraph at lines 90--91

 []


Underfull \hbox (badness 10000) in paragraph at lines 92--95

 []


Underfull \hbox (badness 10000) in paragraph at lines 96--98

 []


Underfull \hbox (badness 10000) in paragraph at lines 96--98

 []


Underfull \hbox (badness 10000) in paragraph at lines 99--102

 []

[6]
Underfull \hbox (badness 10000) in paragraph at lines 103--105

 []


Underfull \hbox (badness 10000) in paragraph at lines 103--105

 []


Underfull \hbox (badness 10000) in paragraph at lines 106--107

 []


Underfull \hbox (badness 10000) in paragraph at lines 112--113

 []

[7]
Underfull \hbox (badness 10000) in paragraph at lines 125--127

 []


Underfull \hbox (badness 10000) in paragraph at lines 125--127

 []


Underfull \hbox (badness 10000) in paragraph at lines 125--127

 []


Underfull \hbox (badness 10000) in paragraph at lines 125--127

 []


Underfull \hbox (badness 10000) in paragraph at lines 125--127

 []


Underfull \hbox (badness 10000) in paragraph at lines 125--127

 []


Underfull \hbox (badness 10000) in paragraph at lines 125--127

 []


Underfull \hbox (badness 10000) in paragraph at lines 125--127

 []


Underfull \hbox (badness 10000) in paragraph at lines 125--127

 []

<ISdatatable.PNG, id=30, 565.36218pt x 496.85625pt>
File: ISdatatable.PNG Graphic file (type png)
<use ISdatatable.PNG>
Package pdftex.def Info: ISdatatable.PNG  used on input line 130.
(pdftex.def)             Requested size: 395.75082pt x 347.797pt.

Overfull \hbox (5.75082pt too wide) in paragraph at lines 130--131
 [][] 
 []


LaTeX Warning: `h' float specifier changed to `ht'.

<SSdatatable.PNG, id=32, 571.38469pt x 495.35063pt>
File: SSdatatable.PNG Graphic file (type png)
<use SSdatatable.PNG>
Package pdftex.def Info: SSdatatable.PNG  used on input line 136.
(pdftex.def)             Requested size: 399.96655pt x 346.74307pt.

Overfull \hbox (9.96655pt too wide) in paragraph at lines 136--137
 [][] 
 []


LaTeX Warning: `h' float specifier changed to `ht'.

<CSdatatable.PNG, id=33, 572.1375pt x 493.0922pt>
File: CSdatatable.PNG Graphic file (type png)
<use CSdatatable.PNG>
Package pdftex.def Info: CSdatatable.PNG  used on input line 142.
(pdftex.def)             Requested size: 400.49352pt x 345.16219pt.

Overfull \hbox (10.49352pt too wide) in paragraph at lines 142--143
 [][] 
 []


LaTeX Warning: `h' float specifier changed to `ht'.

<RSdatatable.PNG, id=34, 561.59813pt x 496.85625pt>
File: RSdatatable.PNG Graphic file (type png)
<use RSdatatable.PNG>
Package pdftex.def Info: RSdatatable.PNG  used on input line 148.
(pdftex.def)             Requested size: 393.11601pt x 347.797pt.

Overfull \hbox (3.11601pt too wide) in paragraph at lines 148--149
 [][] 
 []


LaTeX Warning: `h' float specifier changed to `ht'.

<MSdatatable.PNG, id=35, 561.59813pt x 496.85625pt>
File: MSdatatable.PNG Graphic file (type png)
<use MSdatatable.PNG>
Package pdftex.def Info: MSdatatable.PNG  used on input line 154.
(pdftex.def)             Requested size: 393.11601pt x 347.797pt.

Overfull \hbox (3.11601pt too wide) in paragraph at lines 154--155
 [][] 
 []


LaTeX Warning: `h' float specifier changed to `ht'.

<BSdatatable.PNG, id=36, 571.38469pt x 497.60907pt>
File: BSdatatable.PNG Graphic file (type png)
<use BSdatatable.PNG>
Package pdftex.def Info: BSdatatable.PNG  used on input line 160.
(pdftex.def)             Requested size: 399.96655pt x 348.32397pt.

Overfull \hbox (9.96655pt too wide) in paragraph at lines 160--161
 [][] 
 []


LaTeX Warning: `h' float specifier changed to `ht'.

<HSdatatable.PNG, id=37, 589.4522pt x 503.63156pt>
File: HSdatatable.PNG Graphic file (type png)
<use HSdatatable.PNG>
Package pdftex.def Info: HSdatatable.PNG  used on input line 166.
(pdftex.def)             Requested size: 412.61372pt x 352.53969pt.

Overfull \hbox (22.61372pt too wide) in paragraph at lines 166--167
 [][] 
 []


LaTeX Warning: `h' float specifier changed to `ht'.

<QSdatatable.PNG, id=38, 590.205pt x 508.14844pt>
File: QSdatatable.PNG Graphic file (type png)
<use QSdatatable.PNG>
Package pdftex.def Info: QSdatatable.PNG  used on input line 172.
(pdftex.def)             Requested size: 413.14067pt x 355.70148pt.

Overfull \hbox (23.14067pt too wide) in paragraph at lines 172--173
 [][] 
 []


LaTeX Warning: `h' float specifier changed to `ht'.


Underfull \hbox (badness 10000) in paragraph at lines 179--181

 []


Underfull \hbox (badness 10000) in paragraph at lines 179--181

 []


Underfull \hbox (badness 10000) in paragraph at lines 179--181

 []


Underfull \hbox (badness 10000) in paragraph at lines 179--181

 []


Underfull \hbox (badness 10000) in paragraph at lines 179--181

 []


Underfull \hbox (badness 10000) in paragraph at lines 179--181

 []


Underfull \hbox (badness 10000) in paragraph at lines 179--181

 []


Underfull \hbox (badness 10000) in paragraph at lines 179--181

 []


Underfull \hbox (badness 10000) in paragraph at lines 179--181

 []


Underfull \hbox (badness 10000) in paragraph at lines 179--181

 []


Underfull \hbox (badness 10000) in paragraph at lines 179--181

 []


Underfull \hbox (badness 10000) in paragraph at lines 179--181

 []


Underfull \hbox (badness 10000) in paragraph at lines 179--181

 []


Underfull \hbox (badness 10000) in paragraph at lines 179--181

 []


Underfull \hbox (badness 10000) in paragraph at lines 179--181

 []


Underfull \hbox (badness 10000) in paragraph at lines 179--181

 []


Underfull \hbox (badness 10000) in paragraph at lines 179--181

 []


Underfull \hbox (badness 10000) in paragraph at lines 179--181

 []


Underfull \hbox (badness 10000) in paragraph at lines 179--181

 []


Underfull \hbox (badness 10000) in paragraph at lines 179--181

 []


Underfull \hbox (badness 10000) in paragraph at lines 179--181

 []


Underfull \hbox (badness 10000) in paragraph at lines 179--181

 []


Underfull \hbox (badness 10000) in paragraph at lines 179--181

 []


Underfull \hbox (badness 10000) in paragraph at lines 179--181

 []


Underfull \hbox (badness 10000) in paragraph at lines 179--181

 []


Underfull \hbox (badness 10000) in paragraph at lines 179--181

 []


Underfull \hbox (badness 10000) in paragraph at lines 179--181

 []


Underfull \hbox (badness 10000) in paragraph at lines 179--181

 []


Underfull \hbox (badness 10000) in paragraph at lines 179--181

 []


Underfull \hbox (badness 10000) in paragraph at lines 179--181

 []


Underfull \hbox (badness 10000) in paragraph at lines 179--181

 []


Underfull \hbox (badness 10000) in paragraph at lines 179--181

 []


Underfull \hbox (badness 10000) in paragraph at lines 179--181

 []


Underfull \hbox (badness 10000) in paragraph at lines 179--181

 []


Underfull \hbox (badness 10000) in paragraph at lines 179--181

 []


Underfull \hbox (badness 10000) in paragraph at lines 179--181

 []


Underfull \hbox (badness 10000) in paragraph at lines 179--181

 []


Underfull \hbox (badness 10000) in paragraph at lines 179--181

 []


Underfull \hbox (badness 10000) in paragraph at lines 179--181

 []


Underfull \hbox (badness 10000) in paragraph at lines 179--181

 []


Underfull \hbox (badness 10000) in paragraph at lines 179--181

 []


Underfull \hbox (badness 10000) in paragraph at lines 179--181

 []


Underfull \hbox (badness 10000) in paragraph at lines 179--181

 []


Underfull \hbox (badness 10000) in paragraph at lines 179--181

 []


Underfull \hbox (badness 10000) in paragraph at lines 179--181

 []


Underfull \hbox (badness 10000) in paragraph at lines 179--181

 []


Underfull \hbox (badness 10000) in paragraph at lines 179--181

 []


Underfull \hbox (badness 10000) in paragraph at lines 179--181

 []


Underfull \hbox (badness 10000) in paragraph at lines 179--181

 []


Underfull \hbox (badness 10000) in paragraph at lines 179--181

 []


Underfull \hbox (badness 10000) in paragraph at lines 179--181

 []


Underfull \hbox (badness 10000) in paragraph at lines 179--181

 []


Underfull \hbox (badness 10000) in paragraph at lines 179--181

 []


Underfull \hbox (badness 10000) in paragraph at lines 179--181

 []


Underfull \hbox (badness 10000) in paragraph at lines 179--181

 []


Underfull \hbox (badness 10000) in paragraph at lines 179--181

 []


Underfull \hbox (badness 10000) in paragraph at lines 179--181

 []


Underfull \hbox (badness 10000) in paragraph at lines 179--181

 []


Underfull \hbox (badness 10000) in paragraph at lines 179--181

 []


Underfull \hbox (badness 10000) in paragraph at lines 179--181

 []


Underfull \hbox (badness 10000) in paragraph at lines 179--181

 []


Underfull \hbox (badness 10000) in paragraph at lines 179--181

 []


Underfull \hbox (badness 10000) in paragraph at lines 179--181

 []


Underfull \hbox (badness 10000) in paragraph at lines 179--181

 []


Underfull \hbox (badness 10000) in paragraph at lines 179--181

 []


Underfull \hbox (badness 10000) in paragraph at lines 179--181

 []


Underfull \hbox (badness 10000) in paragraph at lines 179--181

 []


Underfull \hbox (badness 10000) in paragraph at lines 179--181

 []


Underfull \hbox (badness 10000) in paragraph at lines 179--181

 []


Underfull \hbox (badness 10000) in paragraph at lines 179--181

 []


Underfull \hbox (badness 10000) in paragraph at lines 179--181

 []


Underfull \hbox (badness 10000) in paragraph at lines 179--181

 []


Underfull \hbox (badness 10000) in paragraph at lines 179--181

 []


Underfull \hbox (badness 10000) in paragraph at lines 179--181

 []


Underfull \hbox (badness 10000) in paragraph at lines 179--181

 []


Underfull \hbox (badness 10000) in paragraph at lines 179--181

 []


Underfull \hbox (badness 10000) in paragraph at lines 179--181

 []


Underfull \hbox (badness 10000) in paragraph at lines 179--181

 []


Underfull \hbox (badness 10000) in paragraph at lines 179--181

 []


Underfull \hbox (badness 10000) in paragraph at lines 179--181

 []


Underfull \hbox (badness 10000) in paragraph at lines 179--181

 []


Underfull \hbox (badness 10000) in paragraph at lines 179--181

 []


Underfull \hbox (badness 10000) in paragraph at lines 179--181

 []


Underfull \hbox (badness 10000) in paragraph at lines 179--181

 []


Underfull \hbox (badness 10000) in paragraph at lines 179--181

 []


Underfull \hbox (badness 10000) in paragraph at lines 179--181

 []


Underfull \hbox (badness 10000) in paragraph at lines 179--181

 []


Underfull \hbox (badness 10000) in paragraph at lines 179--181

 []


Underfull \hbox (badness 10000) in paragraph at lines 179--181

 []


Underfull \hbox (badness 10000) in paragraph at lines 179--181

 []


Underfull \hbox (badness 10000) in paragraph at lines 179--181

 []


Underfull \hbox (badness 10000) in paragraph at lines 179--181

 []


Underfull \hbox (badness 10000) in paragraph at lines 179--181

 []


Underfull \hbox (badness 10000) in paragraph at lines 179--181

 []


Underfull \hbox (badness 10000) in paragraph at lines 179--181

 []


Underfull \hbox (badness 10000) in paragraph at lines 179--181

 []


Underfull \hbox (badness 10000) in paragraph at lines 179--181

 []


Underfull \hbox (badness 10000) in paragraph at lines 179--181

 []


Underfull \hbox (badness 10000) in paragraph at lines 179--181

 []


Underfull \hbox (badness 10000) in paragraph at lines 179--181

 []


Underfull \hbox (badness 10000) in paragraph at lines 179--181

 []


Underfull \hbox (badness 10000) in paragraph at lines 179--181

 []

[8] [9 <./ISdatatable.PNG>] [10 <./SSdatatable.PNG>] [11 <./CSdatatable.PNG>]
[12 <./RSdatatable.PNG>] [13 <./MSdatatable.PNG>] [14 <./BSdatatable.PNG>]
[15 <./HSdatatable.PNG>] [16 <./QSdatatable.PNG>]
<bestcase.PNG, id=75, 460.72125pt x 296.60812pt>
File: bestcase.PNG Graphic file (type png)
<use bestcase.PNG>
Package pdftex.def Info: bestcase.PNG  used on input line 184.
(pdftex.def)             Requested size: 390.0pt x 251.07713pt.


LaTeX Warning: `h' float specifier changed to `ht'.

<worstcase.PNG, id=76, 486.31688pt x 277.035pt>
File: worstcase.PNG Graphic file (type png)
<use worstcase.PNG>
Package pdftex.def Info: worstcase.PNG  used on input line 190.
(pdftex.def)             Requested size: 390.0pt x 222.16515pt.

LaTeX Warning: `h' float specifier changed to `ht'.

<averagecase.PNG, id=77, 462.97969pt x 284.56313pt>
File: averagecase.PNG Graphic file (type png)
<use averagecase.PNG>
Package pdftex.def Info: averagecase.PNG  used on input line 196.
(pdftex.def)             Requested size: 390.0pt x 239.70876pt.

LaTeX Warning: `h' float specifier changed to `ht'.


Underfull \hbox (badness 10000) in paragraph at lines 200--201

 []


Underfull \hbox (badness 10000) in paragraph at lines 200--201

 []


Underfull \hbox (badness 10000) in paragraph at lines 200--201

 []


Underfull \hbox (badness 10000) in paragraph at lines 200--201

 []


Underfull \hbox (badness 10000) in paragraph at lines 200--201

 []


Underfull \hbox (badness 10000) in paragraph at lines 200--201

 []


Underfull \hbox (badness 10000) in paragraph at lines 200--201

 []


Underfull \hbox (badness 10000) in paragraph at lines 200--201

 []


Underfull \hbox (badness 10000) in paragraph at lines 200--201

 []


Underfull \hbox (badness 10000) in paragraph at lines 200--201

 []


Underfull \hbox (badness 10000) in paragraph at lines 200--201

 []


Underfull \hbox (badness 10000) in paragraph at lines 200--201

 []


Underfull \hbox (badness 10000) in paragraph at lines 200--201

 []


Underfull \hbox (badness 10000) in paragraph at lines 200--201

 []


Underfull \hbox (badness 10000) in paragraph at lines 200--201

 []


Underfull \hbox (badness 10000) in paragraph at lines 200--201

 []


Underfull \hbox (badness 10000) in paragraph at lines 200--201

 []


Underfull \hbox (badness 10000) in paragraph at lines 200--201

 []


Underfull \hbox (badness 10000) in paragraph at lines 200--201

 []


Underfull \hbox (badness 10000) in paragraph at lines 200--201

 []


Underfull \hbox (badness 10000) in paragraph at lines 200--201

 []


Underfull \hbox (badness 10000) in paragraph at lines 200--201

 []


Underfull \hbox (badness 10000) in paragraph at lines 200--201

 []


Underfull \hbox (badness 10000) in paragraph at lines 200--201

 []


Underfull \hbox (badness 10000) in paragraph at lines 200--201

 []


Underfull \hbox (badness 10000) in paragraph at lines 200--201

 []


Underfull \hbox (badness 10000) in paragraph at lines 200--201

 []


Underfull \hbox (badness 10000) in paragraph at lines 200--201

 []


Underfull \hbox (badness 10000) in paragraph at lines 200--201

 []


Underfull \hbox (badness 10000) in paragraph at lines 200--201

 []


Underfull \hbox (badness 10000) in paragraph at lines 200--201

 []


Underfull \hbox (badness 10000) in paragraph at lines 200--201

 []


Underfull \hbox (badness 10000) in paragraph at lines 200--201

 []


Underfull \hbox (badness 10000) in paragraph at lines 200--201

 []


Underfull \hbox (badness 10000) in paragraph at lines 200--201

 []


Underfull \hbox (badness 10000) in paragraph at lines 200--201

 []


Underfull \hbox (badness 10000) in paragraph at lines 200--201

 []


Underfull \hbox (badness 10000) in paragraph at lines 200--201

 []


Underfull \hbox (badness 10000) in paragraph at lines 200--201

 []


Underfull \hbox (badness 10000) in paragraph at lines 200--201

 []


Underfull \hbox (badness 10000) in paragraph at lines 200--201

 []


Underfull \hbox (badness 10000) in paragraph at lines 200--201

 []

[17] [18 <./bestcase.PNG>]
Underfull \hbox (badness 10000) in paragraph at lines 202--204

 []


Underfull \hbox (badness 10000) in paragraph at lines 202--204

 []

[19 <./worstcase.PNG>]
<Asymptotic Notations.PNG, id=90, 549.55313pt x 392.96812pt>
File: Asymptotic Notations.PNG Graphic file (type png)
<use Asymptotic Notations.PNG>
Package pdftex.def Info: Asymptotic Notations.PNG  used on input line 209.
(pdftex.def)             Requested size: 390.0pt x 278.88339pt.
 [20 <./averagecase.PNG>]
Underfull \hbox (badness 10000) in paragraph at lines 213--216

 []


Underfull \hbox (badness 10000) in paragraph at lines 213--216

 []


Underfull \hbox (badness 10000) in paragraph at lines 213--216

 []


Underfull \hbox (badness 10000) in paragraph at lines 220--221

 []

[21 <./Asymptotic Notations.PNG>]
<Insertion Graph.PNG, id=98, 492.33937pt x 298.86656pt>
File: Insertion Graph.PNG Graphic file (type png)
<use Insertion Graph.PNG>
Package pdftex.def Info: Insertion Graph.PNG  used on input line 227.
(pdftex.def)             Requested size: 390.0pt x 236.7541pt.

Underfull \hbox (badness 10000) in paragraph at lines 232--243

 []


Underfull \hbox (badness 10000) in paragraph at lines 232--243

 []


Underfull \hbox (badness 10000) in paragraph at lines 232--243

 []


Underfull \hbox (badness 10000) in paragraph at lines 232--243

 []


Underfull \hbox (badness 10000) in paragraph at lines 232--243

 []


Underfull \hbox (badness 10000) in paragraph at lines 232--243

 []


Underfull \hbox (badness 10000) in paragraph at lines 232--243

 []


Underfull \hbox (badness 10000) in paragraph at lines 232--243

 []


Underfull \hbox (badness 10000) in paragraph at lines 232--243

 []

[22 <./Insertion Graph.PNG>]
Underfull \hbox (badness 10000) in paragraph at lines 246--247

 []

[23]
Underfull \hbox (badness 10000) in paragraph at lines 248--251

 []

<Selection Graph.PNG, id=106, 506.6428pt x 314.67563pt>
File: Selection Graph.PNG Graphic file (type png)
<use Selection Graph.PNG>
Package pdftex.def Info: Selection Graph.PNG  used on input line 254.
(pdftex.def)             Requested size: 390.0pt x 242.23375pt.

Underfull \hbox (badness 10000) in paragraph at lines 259--260

 []

[24 <./Selection Graph.PNG>]
Underfull \hbox (badness 10000) in paragraph at lines 263--264

 []


Underfull \hbox (badness 10000) in paragraph at lines 265--268

 []

<Bubble Sort.PNG, id=111, 500.62032pt x 296.60812pt>
File: Bubble Sort.PNG Graphic file (type png)
<use Bubble Sort.PNG>
Package pdftex.def Info: Bubble Sort.PNG  used on input line 271.
(pdftex.def)             Requested size: 390.0pt x 231.07732pt.

Underfull \hbox (badness 10000) in paragraph at lines 277--280

 []

[25 <./Bubble Sort.PNG>]
Underfull \hbox (badness 10000) in paragraph at lines 281--286

 []


Underfull \hbox (badness 10000) in paragraph at lines 287--288

 []

[26]
Underfull \hbox (badness 10000) in paragraph at lines 291--294

 []

<Merge Sort.PNG, id=121, 531.48563pt x 321.45094pt>
File: Merge Sort.PNG Graphic file (type png)
<use Merge Sort.PNG>
Package pdftex.def Info: Merge Sort.PNG  used on input line 297.
(pdftex.def)             Requested size: 390.0pt x 235.88347pt.

Underfull \hbox (badness 10000) in paragraph at lines 302--304

 []


Underfull \hbox (badness 10000) in paragraph at lines 302--304

 []


Underfull \hbox (badness 10000) in paragraph at lines 302--304

 []


Underfull \hbox (badness 10000) in paragraph at lines 302--304

 []


Underfull \hbox (badness 10000) in paragraph at lines 302--304

 []


Underfull \hbox (badness 10000) in paragraph at lines 302--304

 []


Underfull \hbox (badness 10000) in paragraph at lines 302--304

 []


Underfull \hbox (badness 10000) in paragraph at lines 302--304

 []


Underfull \hbox (badness 10000) in paragraph at lines 302--304

 []

[27 <./Merge Sort.PNG>]
<Icorr.png, id=126, 409.311pt x 233.016pt>
File: Icorr.png Graphic file (type png)
<use Icorr.png>
Package pdftex.def Info: Icorr.png  used on input line 310.
(pdftex.def)             Requested size: 390.0pt x 222.03593pt.
 [28]
Underfull \hbox (badness 10000) in paragraph at lines 315--322

 []


Underfull \hbox (badness 10000) in paragraph at lines 315--322

 []


Underfull \hbox (badness 10000) in paragraph at lines 315--322

 []


Underfull \hbox (badness 10000) in paragraph at lines 315--322

 []


Underfull \hbox (badness 10000) in paragraph at lines 315--322

 []


Underfull \hbox (badness 10000) in paragraph at lines 315--322

 []


Underfull \hbox (badness 10000) in paragraph at lines 315--322

 []

<Scorr.png, id=130, 409.53pt x 233.016pt>
File: Scorr.png Graphic file (type png)
<use Scorr.png>
Package pdftex.def Info: Scorr.png  used on input line 326.
(pdftex.def)             Requested size: 390.0pt x 221.9186pt.
[29 <./Icorr.png>]
Underfull \hbox (badness 10000) in paragraph at lines 331--341

 []


Underfull \hbox (badness 10000) in paragraph at lines 331--341

 []


Underfull \hbox (badness 10000) in paragraph at lines 331--341

 []


Underfull \hbox (badness 10000) in paragraph at lines 331--341

 []


Underfull \hbox (badness 10000) in paragraph at lines 331--341

 []


Underfull \hbox (badness 10000) in paragraph at lines 331--341

 []


Underfull \hbox (badness 10000) in paragraph at lines 331--341

 []


Underfull \hbox (badness 10000) in paragraph at lines 331--341

 []


Underfull \hbox (badness 10000) in paragraph at lines 331--341

 []


Underfull \hbox (badness 10000) in paragraph at lines 331--341

 []


Underfull \hbox (badness 10000) in paragraph at lines 331--341

 []


Underfull \hbox (badness 10000) in paragraph at lines 331--341

 []


Underfull \hbox (badness 10000) in paragraph at lines 331--341

 []

<Bcorr.png, id=135, 409.53pt x 233.016pt>
File: Bcorr.png Graphic file (type png)
<use Bcorr.png>
Package pdftex.def Info: Bcorr.png  used on input line 344.
(pdftex.def)             Requested size: 390.0pt x 221.9186pt.
[30 <./Scorr.png>]
Underfull \hbox (badness 10000) in paragraph at lines 349--361

 []


Underfull \hbox (badness 10000) in paragraph at lines 349--361

 []


Underfull \hbox (badness 10000) in paragraph at lines 349--361

 []


Underfull \hbox (badness 10000) in paragraph at lines 349--361

 []


Underfull \hbox (badness 10000) in paragraph at lines 349--361

 []


Underfull \hbox (badness 10000) in paragraph at lines 349--361

 []


Underfull \hbox (badness 10000) in paragraph at lines 349--361

 []


Underfull \hbox (badness 10000) in paragraph at lines 349--361

 []


Underfull \hbox (badness 10000) in paragraph at lines 349--361

 []


Underfull \hbox (badness 10000) in paragraph at lines 349--361

 []


Underfull \hbox (badness 10000) in paragraph at lines 349--361

 []


Underfull \hbox (badness 10000) in paragraph at lines 349--361

 []


Underfull \hbox (badness 10000) in paragraph at lines 349--361

 []


Underfull \hbox (badness 10000) in paragraph at lines 349--361

 []


Underfull \hbox (badness 10000) in paragraph at lines 349--361

 []

<Mcorr.png, id=140, 409.53pt x 233.016pt>
File: Mcorr.png Graphic file (type png)
<use Mcorr.png>
Package pdftex.def Info: Mcorr.png  used on input line 364.
(pdftex.def)             Requested size: 390.0pt x 221.9186pt.
[31 <./Bcorr.png>]
Underfull \hbox (badness 10000) in paragraph at lines 368--383

 []


Underfull \hbox (badness 10000) in paragraph at lines 368--383

 []


Underfull \hbox (badness 10000) in paragraph at lines 368--383

 []


Underfull \hbox (badness 10000) in paragraph at lines 368--383

 []


Underfull \hbox (badness 10000) in paragraph at lines 368--383

 []


Underfull \hbox (badness 10000) in paragraph at lines 368--383

 []


Underfull \hbox (badness 10000) in paragraph at lines 368--383

 []


Underfull \hbox (badness 10000) in paragraph at lines 368--383

 []


Underfull \hbox (badness 10000) in paragraph at lines 368--383

 []


Underfull \hbox (badness 10000) in paragraph at lines 368--383

 []


Underfull \hbox (badness 10000) in paragraph at lines 368--383

 []


Underfull \hbox (badness 10000) in paragraph at lines 368--383

 []


Underfull \hbox (badness 10000) in paragraph at lines 368--383

 []


Underfull \hbox (badness 10000) in paragraph at lines 368--383

 []


Underfull \hbox (badness 10000) in paragraph at lines 368--383

 []

[32 <./Mcorr.png>]
<Hcorr2.png, id=150, 423.765pt x 233.016pt>
File: Hcorr2.png Graphic file (type png)
<use Hcorr2.png>
Package pdftex.def Info: Hcorr2.png  used on input line 386.
(pdftex.def)             Requested size: 390.0pt x 214.45554pt.

Underfull \hbox (badness 10000) in paragraph at lines 390--406

 []


Underfull \hbox (badness 10000) in paragraph at lines 390--406

 []


Underfull \hbox (badness 10000) in paragraph at lines 390--406

 []


Underfull \hbox (badness 10000) in paragraph at lines 390--406

 []


Underfull \hbox (badness 10000) in paragraph at lines 390--406

 []


Underfull \hbox (badness 10000) in paragraph at lines 390--406

 []


Underfull \hbox (badness 10000) in paragraph at lines 390--406

 []


Underfull \hbox (badness 10000) in paragraph at lines 390--406

 []


Underfull \hbox (badness 10000) in paragraph at lines 390--406

 []


Underfull \hbox (badness 10000) in paragraph at lines 390--406

 []


Underfull \hbox (badness 10000) in paragraph at lines 390--406

 []


Underfull \hbox (badness 10000) in paragraph at lines 390--406

 []


Underfull \hbox (badness 10000) in paragraph at lines 390--406

 []


Underfull \hbox (badness 10000) in paragraph at lines 390--406

 []

<Qcorr.png, id=151, 409.53pt x 233.016pt>
File: Qcorr.png Graphic file (type png)
<use Qcorr.png>
Package pdftex.def Info: Qcorr.png  used on input line 409.
(pdftex.def)             Requested size: 390.0pt x 221.9186pt.
[33 <./Hcorr2.png>]
Underfull \hbox (badness 10000) in paragraph at lines 418--419

 []

[34 <./Qcorr.png>]
Underfull \hbox (badness 10000) in paragraph at lines 422--429

 []


Underfull \hbox (badness 10000) in paragraph at lines 430--442

 []


Underfull \hbox (badness 10000) in paragraph at lines 430--442

 []

[35]
Underfull \hbox (badness 10000) in paragraph at lines 449--459

 []


Underfull \hbox (badness 10000) in paragraph at lines 460--477

 []

[36]
Underfull \hbox (badness 10000) in paragraph at lines 478--481

 []


Underfull \hbox (badness 10000) in paragraph at lines 478--481

 []

[37] [38] (AlmostDoneLatexUPDATED2-0.aux)

LaTeX Warning: There were multiply-defined labels.

 ) 
Here is how much of TeX's memory you used:
 4046 strings out of 478907
 57752 string characters out of 2851891
 367931 words of memory out of 3000000
 21886 multiletter control sequences out of 15000+600000
 410060 words of font info for 50 fonts, out of 8000000 for 9000
 1141 hyphenation exceptions out of 8191
 57i,7n,66p,1646b,263s stack positions out of 5000i,500n,10000p,200000b,80000s
 <C:\Users\22wag\AppData\Local\MiKTeX\fonts/pk/ljfour/jknappen/ec/dpi600\tcrm
1200.pk><C:/Users/22wag/AppData/Local/Programs/MiKTeX/fonts/type1/public/amsfon
ts/cm/cmbx12.pfb><C:/Users/22wag/AppData/Local/Programs/MiKTeX/fonts/type1/publ
ic/amsfonts/cm/cmmi12.pfb><C:/Users/22wag/AppData/Local/Programs/MiKTeX/fonts/t
ype1/public/amsfonts/cm/cmr12.pfb><C:/Users/22wag/AppData/Local/Programs/MiKTeX
/fonts/type1/public/amsfonts/cm/cmr17.pfb><C:/Users/22wag/AppData/Local/Program
s/MiKTeX/fonts/type1/public/amsfonts/cm/cmr8.pfb><C:/Users/22wag/AppData/Local/
Programs/MiKTeX/fonts/type1/public/amsfonts/cm/cmsy10.pfb>
Output written on AlmostDoneLatexUPDATED2-0.pdf (38 pages, 1240871 bytes).
PDF statistics:
 207 PDF objects out of 1000 (max. 8388607)
 0 named destinations out of 1000 (max. 500000)
 111 words of extra memory for PDF output out of 10000 (max. 10000000)

